<?xml version="1.0" encoding="UTF-8"?>
<!-- Generated by org.testng.reporters.JUnitXMLReporter -->
<testsuite hostname="Manan-PC" name="Default test" tests="14" failures="0" timestamp="21 Nov 2014 20:30:31 GMT" time="0.063" errors="0">
  <testcase name="BallAlreadyExistsExceptionCatch" time="0.016" classname="ap2014.Project.tests.ProjectTests"/>
  <testcase name="PlayerCollisionWithBallTest" time="0.0" classname="ap2014.Project.tests.ProjectTests"/>
  <testcase name="checkCoinSideAfterToss" time="0.0" classname="ap2014.Project.tests.ProjectTests"/>
  <testcase name="checkNoOfPlayersAfterFormation" time="0.0" classname="ap2014.Project.tests.ProjectTests"/>
  <testcase name="gameIsEndingOn5thGoal" time="0.0" classname="ap2014.Project.tests.ProjectTests"/>
  <testcase name="getAttackerTestinMidFielderClass" time="0.0" classname="ap2014.Project.tests.ProjectTests"/>
  <testcase name="getDefenderTestinGoalKeeperClass" time="0.0" classname="ap2014.Project.tests.ProjectTests"/>
  <testcase name="getGoalTestinAttackerClass" time="0.0" classname="ap2014.Project.tests.ProjectTests"/>
  <testcase name="getMidFielderTestinDefenderClass" time="0.0" classname="ap2014.Project.tests.ProjectTests"/>
  <testcase name="getXTestinPlayerClass" time="0.0" classname="ap2014.Project.tests.ProjectTests"/>
  <testcase name="getYTestinPlayerClass" time="0.0" classname="ap2014.Project.tests.ProjectTests"/>
  <testcase name="goalkeeperBoundTestinmyTeamClass" time="0.0" classname="ap2014.Project.tests.ProjectTests"/>
  <testcase name="notifyobserverinBallClass" time="0.0" classname="ap2014.Project.tests.ProjectTests"/>
  <testcase name="rodFactorRangeinComputerClass" time="0.0" classname="ap2014.Project.tests.ProjectTests"/>
</testsuite> <!-- Default test -->
